<?xml version="1.0" encoding="UTF-8"?>
<!-- Generated by org.testng.reporters.JUnitReportReporter -->
<testsuite hostname="karthikERP2" name="com.gmail.qa.testcases.LoginpageTest" tests="2" failures="0" timestamp="21 Mar 2019 06:09:24 GMT" time="20.150" errors="0">
  <testcase name="LoginpageTitletest" time="7.682" classname="com.gmail.qa.testcases.LoginpageTest"/>
  <testcase name="Mailtest" time="12.468" classname="com.gmail.qa.testcases.LoginpageTest"/>
</testsuite> <!-- com.gmail.qa.testcases.LoginpageTest -->
