<?xml version="1.0" encoding="UTF-8"?>
<!-- Generated by org.testng.reporters.JUnitReportReporter -->
<testsuite hostname="karthikERP2" name="com.gmail.qa.testcases.LoginpageTest" tests="2" failures="0" timestamp="4 Apr 2019 05:05:51 GMT" time="33.168" errors="0">
  <testcase name="LoginpageTitletest" time="6.988" classname="com.gmail.qa.testcases.LoginpageTest"/>
  <testcase name="Mailtest" time="26.180" classname="com.gmail.qa.testcases.LoginpageTest"/>
</testsuite> <!-- com.gmail.qa.testcases.LoginpageTest -->
